[debug] [2025-04-02T21:01:15.577Z] ----------------------------------------------------------------------
[debug] [2025-04-02T21:01:15.581Z] Command:       C:\Program Files\nodejs\node.exe C:\Users\kumar\AppData\Roaming\npm\node_modules\firebase-tools\lib\bin\firebase.js emulators:start --only functions
[debug] [2025-04-02T21:01:15.581Z] CLI Version:   14.0.1
[debug] [2025-04-02T21:01:15.581Z] Platform:      win32
[debug] [2025-04-02T21:01:15.582Z] Node Version:  v22.12.0
[debug] [2025-04-02T21:01:15.582Z] Time:          Thu Apr 03 2025 02:31:15 GMT+0530 (India Standard Time)
[debug] [2025-04-02T21:01:15.582Z] ----------------------------------------------------------------------
[debug] 
[debug] [2025-04-02T21:01:15.849Z] > command requires scopes: ["email","openid","https://www.googleapis.com/auth/cloudplatformprojects.readonly","https://www.googleapis.com/auth/firebase","https://www.googleapis.com/auth/cloud-platform"]
[debug] [2025-04-02T21:01:15.850Z] > authorizing via signed-in user (kumarakabilan2004@gmail.com)
[info] i  emulators: Starting emulators: functions {"metadata":{"emulator":{"name":"hub"},"message":"Starting emulators: functions"}}
[debug] [2025-04-02T21:01:15.860Z] [logging] Logging Emulator only supports listening on one address (127.0.0.1). Not listening on ::1
[debug] [2025-04-02T21:01:15.861Z] assigned listening specs for emulators {"user":{"hub":[{"address":"127.0.0.1","family":"IPv4","port":4400},{"address":"::1","family":"IPv6","port":4400}],"ui":[{"address":"127.0.0.1","family":"IPv4","port":4000},{"address":"::1","family":"IPv6","port":4000}],"logging":[{"address":"127.0.0.1","family":"IPv4","port":4500}]},"metadata":{"message":"assigned listening specs for emulators"}}
[warn] !  emulators: It seems that you are running multiple instances of the emulator suite for project skillx-v0. This may result in unexpected behavior. 
[debug] [2025-04-02T21:01:15.866Z] [hub] writing locator at C:\Users\kumar\AppData\Local\Temp\hub-skillx-v0.json
[debug] [2025-04-02T21:01:15.884Z] [functions] Functions Emulator only supports listening on one address (127.0.0.1). Not listening on ::1
[debug] [2025-04-02T21:01:15.884Z] [eventarc] Eventarc Emulator only supports listening on one address (127.0.0.1). Not listening on ::1
[debug] [2025-04-02T21:01:15.885Z] [tasks] Cloud Tasks Emulator only supports listening on one address (127.0.0.1). Not listening on ::1
[debug] [2025-04-02T21:01:15.885Z] late-assigned ports for functions and eventarc emulators {"user":{"hub":[{"address":"127.0.0.1","family":"IPv4","port":4400},{"address":"::1","family":"IPv6","port":4400}],"ui":[{"address":"127.0.0.1","family":"IPv4","port":4000},{"address":"::1","family":"IPv6","port":4000}],"logging":[{"address":"127.0.0.1","family":"IPv4","port":4500}],"functions":[{"address":"127.0.0.1","family":"IPv4","port":5001}],"eventarc":[{"address":"127.0.0.1","family":"IPv4","port":9299}],"tasks":[{"address":"127.0.0.1","family":"IPv4","port":9499}]},"metadata":{"message":"late-assigned ports for functions and eventarc emulators"}}
[warn] !  functions: The following emulators are not running, calls to these services from the Functions emulator will affect production: apphosting, auth, firestore, database, hosting, pubsub, storage, dataconnect {"metadata":{"emulator":{"name":"functions"},"message":"The following emulators are not running, calls to these services from the Functions emulator will affect production: \u001b[1mapphosting, auth, firestore, database, hosting, pubsub, storage, dataconnect\u001b[22m"}}
[debug] [2025-04-02T21:01:15.911Z] defaultcredentials: writing to file C:\Users\kumar\AppData\Roaming\firebase\kumarakabilan2004_gmail_com_application_default_credentials.json
[debug] [2025-04-02T21:01:15.914Z] Setting GAC to C:\Users\kumar\AppData\Roaming\firebase\kumarakabilan2004_gmail_com_application_default_credentials.json {"metadata":{"emulator":{"name":"functions"},"message":"Setting GAC to C:\\Users\\kumar\\AppData\\Roaming\\firebase\\kumarakabilan2004_gmail_com_application_default_credentials.json"}}
[debug] [2025-04-02T21:01:15.915Z] Checked if tokens are valid: true, expires at: 1743630826637
[debug] [2025-04-02T21:01:15.915Z] Checked if tokens are valid: true, expires at: 1743630826637
[debug] [2025-04-02T21:01:15.916Z] >>> [apiv2][query] GET https://firebase.googleapis.com/v1beta1/projects/skillx-v0/adminSdkConfig [none]
[debug] [2025-04-02T21:01:17.274Z] <<< [apiv2][status] GET https://firebase.googleapis.com/v1beta1/projects/skillx-v0/adminSdkConfig 200
[debug] [2025-04-02T21:01:17.275Z] <<< [apiv2][body] GET https://firebase.googleapis.com/v1beta1/projects/skillx-v0/adminSdkConfig {"projectId":"skillx-v0","storageBucket":"skillx-v0.firebasestorage.app"}
[info] i  functions: Watching "C:\Users\kumar\Downloads\skillx-v0\functions" for Cloud Functions... {"metadata":{"emulator":{"name":"functions"},"message":"Watching \"C:\\Users\\kumar\\Downloads\\skillx-v0\\functions\" for Cloud Functions..."}}
[debug] [2025-04-02T21:01:17.313Z] Validating nodejs source
[debug] [2025-04-02T21:01:18.413Z] > [functions] package.json contents: {
  "name": "functions",
  "description": "Cloud Functions for Firebase",
  "scripts": {
    "serve": "firebase emulators:start --only functions",
    "shell": "firebase functions:shell",
    "start": "npm run shell",
    "deploy": "firebase deploy --only functions",
    "logs": "firebase functions:log"
  },
  "engines": {
    "node": "18"
  },
  "main": "index.js",
  "dependencies": {
    "axios": "^1.8.4",
    "cheerio": "^1.0.0",
    "firebase-admin": "^13.2.0",
    "firebase-functions": "^6.3.2"
  },
  "private": true
}
[debug] [2025-04-02T21:01:18.413Z] Building nodejs source
[debug] [2025-04-02T21:01:18.414Z] Failed to find version of module node: reached end of search path C:\Users\kumar\Downloads\skillx-v0\functions\node_modules
[warn] !  functions: Your requested "node" version "18" doesn't match your global version "22". Using node@22 from host. 
[debug] [2025-04-02T21:01:18.416Z] Could not find functions.yaml. Must use http discovery
[debug] [2025-04-02T21:01:18.424Z] Found firebase-functions binary at 'C:\Users\kumar\Downloads\skillx-v0\functions\node_modules\.bin\firebase-functions'
[info] Serving at port 8064

[error] (node:14256) [DEP0040] DeprecationWarning: The `punycode` module is deprecated. Please use a userland alternative instead.
(Use `node --trace-deprecation ...` to show where the warning was created)

[debug] [2025-04-02T21:01:19.238Z] Got response from /__/functions.yaml {"endpoints":{"validateCert":{"availableMemoryMb":null,"timeoutSeconds":null,"minInstances":null,"maxInstances":null,"ingressSettings":null,"concurrency":null,"serviceAccountEmail":null,"vpc":null,"platform":"gcfv2","labels":{},"httpsTrigger":{},"entryPoint":"validateCert"}},"specVersion":"v1alpha1","requiredAPIs":[],"extensions":{}}
[debug] [2025-04-02T21:01:23.460Z] ----------------------------------------------------------------------
[debug] [2025-04-02T21:01:23.465Z] Command:       C:\Program Files\nodejs\node.exe C:\Users\kumar\AppData\Roaming\npm\node_modules\firebase-tools\lib\bin\firebase.js functions:shell
[debug] [2025-04-02T21:01:23.466Z] CLI Version:   14.0.1
[debug] [2025-04-02T21:01:23.466Z] Platform:      win32
[debug] [2025-04-02T21:01:23.466Z] Node Version:  v22.12.0
[debug] [2025-04-02T21:01:23.466Z] Time:          Thu Apr 03 2025 02:31:23 GMT+0530 (India Standard Time)
[debug] [2025-04-02T21:01:23.466Z] ----------------------------------------------------------------------
[debug] 
[debug] [2025-04-02T21:01:23.748Z] > command requires scopes: ["email","openid","https://www.googleapis.com/auth/cloudplatformprojects.readonly","https://www.googleapis.com/auth/firebase","https://www.googleapis.com/auth/cloud-platform"]
[debug] [2025-04-02T21:01:23.749Z] > authorizing via signed-in user (kumarakabilan2004@gmail.com)
[debug] [2025-04-02T21:01:23.749Z] [iam] checking project skillx-v0 for permissions ["firebase.projects.get"]
[debug] [2025-04-02T21:01:23.750Z] Checked if tokens are valid: true, expires at: 1743630826637
[debug] [2025-04-02T21:01:23.750Z] Checked if tokens are valid: true, expires at: 1743630826637
[debug] [2025-04-02T21:01:23.751Z] >>> [apiv2][query] POST https://cloudresourcemanager.googleapis.com/v1/projects/skillx-v0:testIamPermissions [none]
[debug] [2025-04-02T21:01:23.751Z] >>> [apiv2][(partial)header] POST https://cloudresourcemanager.googleapis.com/v1/projects/skillx-v0:testIamPermissions x-goog-quota-user=projects/skillx-v0
[debug] [2025-04-02T21:01:23.752Z] >>> [apiv2][body] POST https://cloudresourcemanager.googleapis.com/v1/projects/skillx-v0:testIamPermissions {"permissions":["firebase.projects.get"]}
[info] +  functions: Loaded functions definitions from source: validateCert. {"metadata":{"emulator":{"name":"functions"},"message":"Loaded functions definitions from source: validateCert."}}
[info] +  functions[us-central1-validateCert]: http function initialized (http://127.0.0.1:5001/skillx-v0/us-central1/validateCert). {"metadata":{"emulator":{"name":"functions"},"message":"\u001b[1mhttp\u001b[22m function initialized (http://127.0.0.1:5001/skillx-v0/us-central1/validateCert)."}}
[debug] [2025-04-02T21:01:24.663Z] Could not find VSCode notification endpoint: FetchError: request to http://localhost:40001/vscode/notify failed, reason: connect ECONNREFUSED ::1:40001. If you are not running the Firebase Data Connect VSCode extension, this is expected and not an issue.
[info] 
┌─────────────────────────────────────────────────────────────┐
│ ✔  All emulators ready! It is now safe to connect your app. │
│ i  View Emulator UI at http://127.0.0.1:4000/               │
└─────────────────────────────────────────────────────────────┘

┌───────────┬────────────────┬─────────────────────────────────┐
│ Emulator  │ Host:Port      │ View in Emulator UI             │
├───────────┼────────────────┼─────────────────────────────────┤
│ Functions │ 127.0.0.1:5001 │ http://127.0.0.1:4000/functions │
└───────────┴────────────────┴─────────────────────────────────┘
  Emulator Hub host: 127.0.0.1 port: 4400
  Other reserved ports: 4500

Issues? Report them at https://github.com/firebase/firebase-tools/issues and attach the *-debug.log files.
 
[debug] [2025-04-02T21:01:25.082Z] <<< [apiv2][status] POST https://cloudresourcemanager.googleapis.com/v1/projects/skillx-v0:testIamPermissions 200
[debug] [2025-04-02T21:01:25.082Z] <<< [apiv2][body] POST https://cloudresourcemanager.googleapis.com/v1/projects/skillx-v0:testIamPermissions {"permissions":["firebase.projects.get"]}
[debug] [2025-04-02T21:01:25.084Z] >>> [apiv2][query] GET http://127.0.0.1:4400/emulators [none]
[debug] [2025-04-02T21:01:25.093Z] <<< [apiv2][status] GET http://127.0.0.1:4400/emulators 200
[debug] [2025-04-02T21:01:25.093Z] <<< [apiv2][body] GET http://127.0.0.1:4400/emulators {"hub":{"listen":[{"address":"127.0.0.1","family":"IPv4","port":4400},{"address":"::1","family":"IPv6","port":4400}],"name":"hub","host":"127.0.0.1","port":4400},"ui":{"listen":[{"address":"127.0.0.1","family":"IPv4","port":4000},{"address":"::1","family":"IPv6","port":4000}],"name":"ui","host":"127.0.0.1","port":4000},"logging":{"listen":[{"address":"127.0.0.1","family":"IPv4","port":4500}],"name":"logging","host":"127.0.0.1","port":4500},"functions":{"name":"functions","host":"127.0.0.1","port":5001},"eventarc":{"name":"eventarc","host":"127.0.0.1","port":9299},"tasks":{"name":"tasks","host":"127.0.0.1","port":9499}}
[debug] [2025-04-02T21:01:25.093Z] Running emulators:  {"hub":{"listen":[{"address":"127.0.0.1","family":"IPv4","port":4400},{"address":"::1","family":"IPv6","port":4400}],"name":"hub","host":"127.0.0.1","port":4400},"ui":{"listen":[{"address":"127.0.0.1","family":"IPv4","port":4000},{"address":"::1","family":"IPv6","port":4000}],"name":"ui","host":"127.0.0.1","port":4000},"logging":{"listen":[{"address":"127.0.0.1","family":"IPv4","port":4500}],"name":"logging","host":"127.0.0.1","port":4500},"functions":{"name":"functions","host":"127.0.0.1","port":5001},"eventarc":{"name":"eventarc","host":"127.0.0.1","port":9299},"tasks":{"name":"tasks","host":"127.0.0.1","port":9499}}
[warn] !  functions: You are already running the Cloud Functions emulator on port 5001. Running the emulator and the Functions shell simultaenously can result in unexpected behavior. 
[debug] [2025-04-02T21:01:25.103Z] [functions] Functions Emulator only supports listening on one address (127.0.0.1). Not listening on ::1
[debug] [2025-04-02T21:01:25.124Z] defaultcredentials: writing to file C:\Users\kumar\AppData\Roaming\firebase\kumarakabilan2004_gmail_com_application_default_credentials.json
[debug] [2025-04-02T21:01:25.126Z] DEBUG: Setting GAC to C:\Users\kumar\AppData\Roaming\firebase\kumarakabilan2004_gmail_com_application_default_credentials.json
[debug] [2025-04-02T21:01:25.126Z] Checked if tokens are valid: true, expires at: 1743630826637
[debug] [2025-04-02T21:01:25.127Z] Checked if tokens are valid: true, expires at: 1743630826637
[debug] [2025-04-02T21:01:25.127Z] >>> [apiv2][query] GET https://firebase.googleapis.com/v1beta1/projects/skillx-v0/adminSdkConfig [none]
[debug] [2025-04-02T21:01:25.730Z] <<< [apiv2][status] GET https://firebase.googleapis.com/v1beta1/projects/skillx-v0/adminSdkConfig 200
[debug] [2025-04-02T21:01:25.730Z] <<< [apiv2][body] GET https://firebase.googleapis.com/v1beta1/projects/skillx-v0/adminSdkConfig {"projectId":"skillx-v0","storageBucket":"skillx-v0.firebasestorage.app"}
[debug] [2025-04-02T21:01:25.747Z] [functions] Watching "C:\Users\kumar\Downloads\skillx-v0\functions" for Cloud Functions...
[debug] [2025-04-02T21:01:25.753Z] Validating nodejs source
[debug] [2025-04-02T21:01:26.985Z] > [functions] package.json contents: {
  "name": "functions",
  "description": "Cloud Functions for Firebase",
  "scripts": {
    "serve": "firebase emulators:start --only functions",
    "shell": "firebase functions:shell",
    "start": "npm run shell",
    "deploy": "firebase deploy --only functions",
    "logs": "firebase functions:log"
  },
  "engines": {
    "node": "18"
  },
  "main": "index.js",
  "dependencies": {
    "axios": "^1.8.4",
    "cheerio": "^1.0.0",
    "firebase-admin": "^13.2.0",
    "firebase-functions": "^6.3.2"
  },
  "private": true
}
[debug] [2025-04-02T21:01:26.986Z] Building nodejs source
[debug] [2025-04-02T21:01:26.986Z] Failed to find version of module node: reached end of search path C:\Users\kumar\Downloads\skillx-v0\functions\node_modules
[warn] !  functions: Your requested "node" version "18" doesn't match your global version "22". Using node@22 from host. 
[debug] [2025-04-02T21:01:26.990Z] Could not find functions.yaml. Must use http discovery
[debug] [2025-04-02T21:01:27.001Z] Found firebase-functions binary at 'C:\Users\kumar\Downloads\skillx-v0\functions\node_modules\.bin\firebase-functions'
[info] Serving at port 8534

[error] (node:16208) [DEP0040] DeprecationWarning: The `punycode` module is deprecated. Please use a userland alternative instead.
(Use `node --trace-deprecation ...` to show where the warning was created)

[debug] [2025-04-02T21:01:27.897Z] Got response from /__/functions.yaml {"endpoints":{"validateCert":{"availableMemoryMb":null,"timeoutSeconds":null,"minInstances":null,"maxInstances":null,"ingressSettings":null,"concurrency":null,"serviceAccountEmail":null,"vpc":null,"platform":"gcfv2","labels":{},"httpsTrigger":{},"entryPoint":"validateCert"}},"specVersion":"v1alpha1","requiredAPIs":[],"extensions":{}}
[debug] [2025-04-02T21:01:31.938Z] [functions] Loaded functions definitions from source: validateCert.
[debug] [2025-04-02T21:01:31.940Z] [functions[us-central1-validateCert]] http function initialized (http://127.0.0.1:5000/skillx-v0/us-central1/validateCert).
[info] i  functions: Loaded functions: validateCert 
[info] i  functions: Connected to running eventarc emulator at 127.0.0.1:9299, calls to this service will affect the emulator 
[info] i  functions: Connected to running tasks emulator at 127.0.0.1:9499, calls to this service will affect the emulator 
[warn] !  functions: The following emulators are not running, calls to these services will affect production: firestore, database, pubsub, storage 
[debug] [2025-04-02T21:01:34.250Z] >>> [apiv2][query] GET http://127.0.0.1:5000/skillx-v0/us-central1/validateCert/ [none]
[debug] [2025-04-02T21:01:34.260Z] [work-queue] {"queuedWork":["/skillx-v0/us-central1/validateCert/-2025-04-02T21:01:34.260Z"],"queueLength":1,"runningWork":[],"workRunningCount":0}
[debug] [2025-04-02T21:01:34.261Z] [work-queue] {"queuedWork":[],"queueLength":0,"runningWork":["/skillx-v0/us-central1/validateCert/-2025-04-02T21:01:34.260Z"],"workRunningCount":1}
[debug] [2025-04-02T21:01:34.261Z] Accepted request GET /skillx-v0/us-central1/validateCert/ --> us-central1-validateCert
[debug] [2025-04-02T21:01:34.266Z] DEBUG: [functions] Runtime ready! Sending request!
[debug] [2025-04-02T21:01:34.266Z] DEBUG: [functions] Got req.url=/skillx-v0/us-central1/validateCert/, mapping to path=/
[debug] [2025-04-02T21:01:34.287Z] DEBUG: [worker-pool] addWorker(us-central1-validateCert)
[debug] [2025-04-02T21:01:34.287Z] DEBUG: [worker-pool] Adding worker with key us-central1-validateCert, total=1
[info] >  (node:13988) [DEP0040] DeprecationWarning: The `punycode` module is deprecated. Please use a userland alternative instead. {"user":"(node:13988) [DEP0040] DeprecationWarning: The `punycode` module is deprecated. Please use a userland alternative instead.","metadata":{"emulator":{"name":"functions"},"function":{"name":"us-central1-validateCert"},"extension":{},"message":"\u001b[90m> \u001b[39m (node:13988) [DEP0040] DeprecationWarning: The `punycode` module is deprecated. Please use a userland alternative instead."}}
[info] >  (Use `node --trace-deprecation ...` to show where the warning was created) {"user":"(Use `node --trace-deprecation ...` to show where the warning was created)","metadata":{"emulator":{"name":"functions"},"function":{"name":"us-central1-validateCert"},"extension":{},"message":"\u001b[90m> \u001b[39m (Use `node --trace-deprecation ...` to show where the warning was created)"}}
[debug] [2025-04-02T21:01:35.882Z] DEBUG: [runtime-status] [13988] Resolved module firebase-admin {"declared":true,"installed":true,"version":"13.2.0","resolution":"C:\\Users\\kumar\\Downloads\\skillx-v0\\functions\\node_modules\\firebase-admin\\lib\\index.js"}
[debug] [2025-04-02T21:01:35.884Z] DEBUG: [runtime-status] [13988] Resolved module firebase-functions {"declared":true,"installed":true,"version":"6.3.2","resolution":"C:\\Users\\kumar\\Downloads\\skillx-v0\\functions\\node_modules\\firebase-functions\\lib\\v2\\index.js"}
[debug] [2025-04-02T21:01:35.884Z] DEBUG: [runtime-status] [13988] Outgoing network have been stubbed. [{"name":"http","status":"mocked"},{"name":"http","status":"mocked"},{"name":"https","status":"mocked"},{"name":"https","status":"mocked"},{"name":"net","status":"mocked"}]
[debug] [2025-04-02T21:01:35.885Z] DEBUG: [runtime-status] [13988] Resolved module firebase-functions {"declared":true,"installed":true,"version":"6.3.2","resolution":"C:\\Users\\kumar\\Downloads\\skillx-v0\\functions\\node_modules\\firebase-functions\\lib\\v2\\index.js"}
[debug] [2025-04-02T21:01:36.420Z] DEBUG: [runtime-status] [13988] Checked functions.config() {"config":{}}
[debug] [2025-04-02T21:01:36.420Z] DEBUG: [runtime-status] [13988] firebase-functions has been stubbed. {"functionsResolution":{"declared":true,"installed":true,"version":"6.3.2","resolution":"C:\\Users\\kumar\\Downloads\\skillx-v0\\functions\\node_modules\\firebase-functions\\lib\\v2\\index.js"}}
[debug] [2025-04-02T21:01:36.421Z] DEBUG: [runtime-status] [13988] Resolved module firebase-functions {"declared":true,"installed":true,"version":"6.3.2","resolution":"C:\\Users\\kumar\\Downloads\\skillx-v0\\functions\\node_modules\\firebase-functions\\lib\\v2\\index.js"}
[debug] [2025-04-02T21:01:36.426Z] DEBUG: [runtime-status] [13988] Resolved module firebase-admin {"declared":true,"installed":true,"version":"13.2.0","resolution":"C:\\Users\\kumar\\Downloads\\skillx-v0\\functions\\node_modules\\firebase-admin\\lib\\index.js"}
[debug] [2025-04-02T21:01:36.428Z] DEBUG: [runtime-status] [13988] Resolved module firebase-functions {"declared":true,"installed":true,"version":"6.3.2","resolution":"C:\\Users\\kumar\\Downloads\\skillx-v0\\functions\\node_modules\\firebase-functions\\lib\\v2\\index.js"}
[debug] [2025-04-02T21:01:36.429Z] DEBUG: [runtime-status] [13988] firebase-admin has been stubbed. {"adminResolution":{"declared":true,"installed":true,"version":"13.2.0","resolution":"C:\\Users\\kumar\\Downloads\\skillx-v0\\functions\\node_modules\\firebase-admin\\lib\\index.js"}}
[debug] [2025-04-02T21:01:36.435Z] DEBUG: [runtime-status] [13988] Functions runtime initialized. {"cwd":"C:\\Users\\kumar\\Downloads\\skillx-v0\\functions","node_version":"22.12.0"}
[debug] [2025-04-02T21:01:36.435Z] DEBUG: [runtime-status] [13988] Listening to port: \\?\pipe\fire_emu_ea8d5710d0fb7673
[debug] [2025-04-02T21:01:36.491Z] DEBUG: [worker-us-central1-validateCert-2ac5a00c-209b-4d31-b0ea-1a0db0ca56aa]: IDLE
[debug] [2025-04-02T21:01:36.492Z] DEBUG: [worker-pool] submitRequest(triggerId=us-central1-validateCert)
[debug] [2025-04-02T21:01:36.492Z] [functions] Beginning execution of "us-central1-validateCert"
[debug] [2025-04-02T21:01:36.492Z] DEBUG: [worker-us-central1-validateCert-2ac5a00c-209b-4d31-b0ea-1a0db0ca56aa]: BUSY
[debug] [2025-04-02T21:01:36.498Z] DEBUG: Finishing up request with event=pause
[debug] [2025-04-02T21:01:36.499Z] [functions] Finished "us-central1-validateCert" in 6.9446ms
[debug] [2025-04-02T21:01:36.499Z] DEBUG: [worker-us-central1-validateCert-2ac5a00c-209b-4d31-b0ea-1a0db0ca56aa]: IDLE
[debug] [2025-04-02T21:01:36.499Z] DEBUG: Finishing up request with event=finish
[debug] [2025-04-02T21:01:36.499Z] DEBUG: Finishing up request with event=close
[debug] [2025-04-02T21:01:36.499Z] [work-queue] {"queuedWork":[],"queueLength":0,"runningWork":[],"workRunningCount":0}
[debug] [2025-04-02T21:01:36.500Z] <<< [apiv2][status] GET http://127.0.0.1:5000/skillx-v0/us-central1/validateCert/ 400
[debug] [2025-04-02T21:01:36.500Z] <<< [apiv2][body] GET http://127.0.0.1:5000/skillx-v0/us-central1/validateCert/ {"error":"Missing certificate code"}
[debug] [2025-04-02T21:01:42.563Z] >>> [apiv2][query] GET http://127.0.0.1:5000/skillx-v0/us-central1/validateCert/ [none]
[debug] [2025-04-02T21:01:42.568Z] [work-queue] {"queuedWork":["/skillx-v0/us-central1/validateCert/-2025-04-02T21:01:42.568Z"],"queueLength":1,"runningWork":[],"workRunningCount":0}
[debug] [2025-04-02T21:01:42.568Z] [work-queue] {"queuedWork":[],"queueLength":0,"runningWork":["/skillx-v0/us-central1/validateCert/-2025-04-02T21:01:42.568Z"],"workRunningCount":1}
[debug] [2025-04-02T21:01:42.568Z] Accepted request GET /skillx-v0/us-central1/validateCert/ --> us-central1-validateCert
[debug] [2025-04-02T21:01:42.571Z] DEBUG: [functions] Runtime ready! Sending request!
[debug] [2025-04-02T21:01:42.572Z] DEBUG: [functions] Got req.url=/skillx-v0/us-central1/validateCert/, mapping to path=/
[debug] [2025-04-02T21:01:42.572Z] DEBUG: [worker-pool] submitRequest(triggerId=us-central1-validateCert)
[debug] [2025-04-02T21:01:42.572Z] [functions] Beginning execution of "us-central1-validateCert"
[debug] [2025-04-02T21:01:42.572Z] DEBUG: [worker-us-central1-validateCert-2ac5a00c-209b-4d31-b0ea-1a0db0ca56aa]: BUSY
[debug] [2025-04-02T21:01:42.576Z] DEBUG: Finishing up request with event=pause
[debug] [2025-04-02T21:01:42.577Z] [functions] Finished "us-central1-validateCert" in 4.7435ms
[debug] [2025-04-02T21:01:42.577Z] DEBUG: [worker-us-central1-validateCert-2ac5a00c-209b-4d31-b0ea-1a0db0ca56aa]: IDLE
[debug] [2025-04-02T21:01:42.577Z] DEBUG: Finishing up request with event=finish
[debug] [2025-04-02T21:01:42.577Z] DEBUG: Finishing up request with event=close
[debug] [2025-04-02T21:01:42.577Z] [work-queue] {"queuedWork":[],"queueLength":0,"runningWork":[],"workRunningCount":0}
[debug] [2025-04-02T21:01:42.579Z] <<< [apiv2][status] GET http://127.0.0.1:5000/skillx-v0/us-central1/validateCert/ 400
[debug] [2025-04-02T21:01:42.579Z] <<< [apiv2][body] GET http://127.0.0.1:5000/skillx-v0/us-central1/validateCert/ {"error":"Missing certificate code"}
[debug] [2025-04-02T21:01:50.187Z] >>> [apiv2][query] GET http://127.0.0.1:5000/skillx-v0/us-central1/validateCert/ [none]
[debug] [2025-04-02T21:01:50.191Z] [work-queue] {"queuedWork":["/skillx-v0/us-central1/validateCert/-2025-04-02T21:01:50.191Z"],"queueLength":1,"runningWork":[],"workRunningCount":0}
[debug] [2025-04-02T21:01:50.191Z] [work-queue] {"queuedWork":[],"queueLength":0,"runningWork":["/skillx-v0/us-central1/validateCert/-2025-04-02T21:01:50.191Z"],"workRunningCount":1}
[debug] [2025-04-02T21:01:50.192Z] Accepted request GET /skillx-v0/us-central1/validateCert/ --> us-central1-validateCert
[debug] [2025-04-02T21:01:50.193Z] DEBUG: [functions] Runtime ready! Sending request!
[debug] [2025-04-02T21:01:50.194Z] DEBUG: [functions] Got req.url=/skillx-v0/us-central1/validateCert/, mapping to path=/
[debug] [2025-04-02T21:01:50.194Z] DEBUG: [worker-pool] submitRequest(triggerId=us-central1-validateCert)
[debug] [2025-04-02T21:01:50.194Z] [functions] Beginning execution of "us-central1-validateCert"
[debug] [2025-04-02T21:01:50.195Z] DEBUG: [worker-us-central1-validateCert-2ac5a00c-209b-4d31-b0ea-1a0db0ca56aa]: BUSY
[debug] [2025-04-02T21:01:50.199Z] DEBUG: Finishing up request with event=pause
[debug] [2025-04-02T21:01:50.199Z] [functions] Finished "us-central1-validateCert" in 4.4607ms
[debug] [2025-04-02T21:01:50.199Z] DEBUG: [worker-us-central1-validateCert-2ac5a00c-209b-4d31-b0ea-1a0db0ca56aa]: IDLE
[debug] [2025-04-02T21:01:50.199Z] DEBUG: Finishing up request with event=finish
[debug] [2025-04-02T21:01:50.199Z] DEBUG: Finishing up request with event=close
[debug] [2025-04-02T21:01:50.200Z] [work-queue] {"queuedWork":[],"queueLength":0,"runningWork":[],"workRunningCount":0}
[debug] [2025-04-02T21:01:50.201Z] <<< [apiv2][status] GET http://127.0.0.1:5000/skillx-v0/us-central1/validateCert/ 400
[debug] [2025-04-02T21:01:50.201Z] <<< [apiv2][body] GET http://127.0.0.1:5000/skillx-v0/us-central1/validateCert/ {"error":"Missing certificate code"}
[debug] [2025-04-02T21:02:56.638Z] >>> [apiv2][query] GET http://127.0.0.1:5000/skillx-v0/us-central1/validateCert/ [none]
[debug] [2025-04-02T21:02:56.646Z] [work-queue] {"queuedWork":["/skillx-v0/us-central1/validateCert/-2025-04-02T21:02:56.646Z"],"queueLength":1,"runningWork":[],"workRunningCount":0}
[debug] [2025-04-02T21:02:56.647Z] [work-queue] {"queuedWork":[],"queueLength":0,"runningWork":["/skillx-v0/us-central1/validateCert/-2025-04-02T21:02:56.646Z"],"workRunningCount":1}
[debug] [2025-04-02T21:02:56.647Z] Accepted request GET /skillx-v0/us-central1/validateCert/ --> us-central1-validateCert
[debug] [2025-04-02T21:02:56.650Z] DEBUG: [functions] Runtime ready! Sending request!
[debug] [2025-04-02T21:02:56.651Z] DEBUG: [functions] Got req.url=/skillx-v0/us-central1/validateCert/, mapping to path=/
[debug] [2025-04-02T21:02:56.651Z] DEBUG: [worker-pool] submitRequest(triggerId=us-central1-validateCert)
[debug] [2025-04-02T21:02:56.651Z] [functions] Beginning execution of "us-central1-validateCert"
[debug] [2025-04-02T21:02:56.651Z] DEBUG: [worker-us-central1-validateCert-2ac5a00c-209b-4d31-b0ea-1a0db0ca56aa]: BUSY
[debug] [2025-04-02T21:02:56.660Z] DEBUG: Finishing up request with event=pause
[debug] [2025-04-02T21:02:56.664Z] [functions] Finished "us-central1-validateCert" in 13.0747ms
[debug] [2025-04-02T21:02:56.665Z] DEBUG: [worker-us-central1-validateCert-2ac5a00c-209b-4d31-b0ea-1a0db0ca56aa]: IDLE
[debug] [2025-04-02T21:02:56.665Z] DEBUG: Finishing up request with event=finish
[debug] [2025-04-02T21:02:56.665Z] DEBUG: Finishing up request with event=close
[debug] [2025-04-02T21:02:56.666Z] [work-queue] {"queuedWork":[],"queueLength":0,"runningWork":[],"workRunningCount":0}
[debug] [2025-04-02T21:02:56.668Z] <<< [apiv2][status] GET http://127.0.0.1:5000/skillx-v0/us-central1/validateCert/ 400
[debug] [2025-04-02T21:02:56.668Z] <<< [apiv2][body] GET http://127.0.0.1:5000/skillx-v0/us-central1/validateCert/ {"error":"Missing certificate code"}
[debug] [2025-04-02T21:03:08.695Z] >>> [apiv2][query] GET http://127.0.0.1:5000/skillx-v0/us-central1/validateCert/ [none]
[debug] [2025-04-02T21:03:08.699Z] [work-queue] {"queuedWork":["/skillx-v0/us-central1/validateCert/-2025-04-02T21:03:08.699Z"],"queueLength":1,"runningWork":[],"workRunningCount":0}
[debug] [2025-04-02T21:03:08.699Z] [work-queue] {"queuedWork":[],"queueLength":0,"runningWork":["/skillx-v0/us-central1/validateCert/-2025-04-02T21:03:08.699Z"],"workRunningCount":1}
[debug] [2025-04-02T21:03:08.699Z] Accepted request GET /skillx-v0/us-central1/validateCert/ --> us-central1-validateCert
[debug] [2025-04-02T21:03:08.702Z] DEBUG: [functions] Runtime ready! Sending request!
[debug] [2025-04-02T21:03:08.702Z] DEBUG: [functions] Got req.url=/skillx-v0/us-central1/validateCert/, mapping to path=/
[debug] [2025-04-02T21:03:08.702Z] DEBUG: [worker-pool] submitRequest(triggerId=us-central1-validateCert)
[debug] [2025-04-02T21:03:08.702Z] [functions] Beginning execution of "us-central1-validateCert"
[debug] [2025-04-02T21:03:08.702Z] DEBUG: [worker-us-central1-validateCert-2ac5a00c-209b-4d31-b0ea-1a0db0ca56aa]: BUSY
[debug] [2025-04-02T21:03:08.707Z] DEBUG: Finishing up request with event=pause
[debug] [2025-04-02T21:03:08.709Z] [functions] Finished "us-central1-validateCert" in 4.8065ms
[debug] [2025-04-02T21:03:08.710Z] DEBUG: [worker-us-central1-validateCert-2ac5a00c-209b-4d31-b0ea-1a0db0ca56aa]: IDLE
[debug] [2025-04-02T21:03:08.710Z] DEBUG: Finishing up request with event=finish
[debug] [2025-04-02T21:03:08.710Z] DEBUG: Finishing up request with event=close
[debug] [2025-04-02T21:03:08.710Z] [work-queue] {"queuedWork":[],"queueLength":0,"runningWork":[],"workRunningCount":0}
[debug] [2025-04-02T21:03:08.711Z] <<< [apiv2][status] GET http://127.0.0.1:5000/skillx-v0/us-central1/validateCert/ 400
[debug] [2025-04-02T21:03:08.711Z] <<< [apiv2][body] GET http://127.0.0.1:5000/skillx-v0/us-central1/validateCert/ {"error":"Missing certificate code"}
[debug] [2025-04-02T21:03:47.266Z] File C:\Users\kumar\Downloads\skillx-v0\functions\index.js changed, reloading triggers {"metadata":{"emulator":{"name":"functions"},"message":"File C:\\Users\\kumar\\Downloads\\skillx-v0\\functions\\index.js changed, reloading triggers"}}
[debug] [2025-04-02T21:03:47.269Z] DEBUG: File C:\Users\kumar\Downloads\skillx-v0\functions\index.js changed, reloading triggers
[debug] [2025-04-02T21:03:48.283Z] Validating nodejs source
[debug] [2025-04-02T21:03:48.283Z] Validating nodejs source
[debug] [2025-04-02T21:03:49.613Z] > [functions] package.json contents: {
  "name": "functions",
  "description": "Cloud Functions for Firebase",
  "scripts": {
    "serve": "firebase emulators:start --only functions",
    "shell": "firebase functions:shell",
    "start": "npm run shell",
    "deploy": "firebase deploy --only functions",
    "logs": "firebase functions:log"
  },
  "engines": {
    "node": "18"
  },
  "main": "index.js",
  "dependencies": {
    "axios": "^1.8.4",
    "cheerio": "^1.0.0",
    "firebase-admin": "^13.2.0",
    "firebase-functions": "^6.3.2"
  },
  "private": true
}
[debug] [2025-04-02T21:03:49.613Z] Building nodejs source
[debug] [2025-04-02T21:03:49.613Z] Failed to find version of module node: reached end of search path C:\Users\kumar\Downloads\skillx-v0\functions\node_modules
[warn] !  functions: Your requested "node" version "18" doesn't match your global version "22". Using node@22 from host. 
[debug] [2025-04-02T21:03:49.622Z] > [functions] package.json contents: {
  "name": "functions",
  "description": "Cloud Functions for Firebase",
  "scripts": {
    "serve": "firebase emulators:start --only functions",
    "shell": "firebase functions:shell",
    "start": "npm run shell",
    "deploy": "firebase deploy --only functions",
    "logs": "firebase functions:log"
  },
  "engines": {
    "node": "18"
  },
  "main": "index.js",
  "dependencies": {
    "axios": "^1.8.4",
    "cheerio": "^1.0.0",
    "firebase-admin": "^13.2.0",
    "firebase-functions": "^6.3.2"
  },
  "private": true
}
[debug] [2025-04-02T21:03:49.622Z] Building nodejs source
[debug] [2025-04-02T21:03:49.622Z] Failed to find version of module node: reached end of search path C:\Users\kumar\Downloads\skillx-v0\functions\node_modules
[warn] !  functions: Your requested "node" version "18" doesn't match your global version "22". Using node@22 from host. 
[debug] [2025-04-02T21:03:49.616Z] Could not find functions.yaml. Must use http discovery
[debug] [2025-04-02T21:03:49.629Z] Found firebase-functions binary at 'C:\Users\kumar\Downloads\skillx-v0\functions\node_modules\.bin\firebase-functions'
[debug] [2025-04-02T21:03:49.624Z] Could not find functions.yaml. Must use http discovery
[debug] [2025-04-02T21:03:49.632Z] Found firebase-functions binary at 'C:\Users\kumar\Downloads\skillx-v0\functions\node_modules\.bin\firebase-functions'
[info] Serving at port 8844

[info] Serving at port 8166

[error] (node:26796) [DEP0040] DeprecationWarning: The `punycode` module is deprecated. Please use a userland alternative instead.
(Use `node --trace-deprecation ...` to show where the warning was created)

[debug] [2025-04-02T21:03:50.663Z] Got response from /__/functions.yaml {"endpoints":{"verifyCourseraCert":{"availableMemoryMb":null,"timeoutSeconds":null,"minInstances":null,"maxInstances":null,"ingressSettings":null,"concurrency":null,"serviceAccountEmail":null,"vpc":null,"platform":"gcfv2","labels":{},"callableTrigger":{},"entryPoint":"verifyCourseraCert"}},"specVersion":"v1alpha1","requiredAPIs":[],"extensions":{}}
[error] (node:10940) [DEP0040] DeprecationWarning: The `punycode` module is deprecated. Please use a userland alternative instead.
(Use `node --trace-deprecation ...` to show where the warning was created)

[debug] [2025-04-02T21:03:50.714Z] Got response from /__/functions.yaml {"endpoints":{"verifyCourseraCert":{"availableMemoryMb":null,"timeoutSeconds":null,"minInstances":null,"maxInstances":null,"ingressSettings":null,"concurrency":null,"serviceAccountEmail":null,"vpc":null,"platform":"gcfv2","labels":{},"callableTrigger":{},"entryPoint":"verifyCourseraCert"}},"specVersion":"v1alpha1","requiredAPIs":[],"extensions":{}}
